<?xml version="1.0" encoding="UTF-8"?>
<!-- Generated by org.testng.reporters.JUnitXMLReporter -->
<testsuite hostname="B1-LAP-SBHAT" ignored="1" name="Default test" tests="1" failures="0" timestamp="20 Feb 2019 11:42:31 GMT" time="5.054" errors="0">
  <testcase name="regression_CategoryLists" time="4.576" classname="Testcase.RegressionTest"/>
  <testcase name="regression_Content" time="0.0" classname="Testcase.RegressionTest">
    <ignored/>
  </testcase> <!-- regression_Content -->
</testsuite> <!-- Default test -->
