<?xml version="1.0" encoding="UTF-8"?>
<!-- Generated by org.testng.reporters.JUnitXMLReporter -->
<testsuite hostname="BNWINBGDELLL074" ignored="1" name="Test" tests="1" failures="0" timestamp="19 Dec 2019 10:04:30 GMT" time="16.42" errors="0">
  <testcase name="regression_CategoryLists" time="15.151" classname="Testcase.RegressionTest"/>
  <testcase name="regression_Content" time="0.0" classname="Testcase.RegressionTest">
    <ignored/>
  </testcase> <!-- regression_Content -->
</testsuite> <!-- Test -->
