<?xml version="1.0" encoding="UTF-8"?>
<testng-results skipped="0" failed="0" ignored="0" total="1" passed="1">
  <reporter-output>
  </reporter-output>
  <suite name="Default suite" duration-ms="6327" started-at="2019-02-13T11:15:36Z" finished-at="2019-02-13T11:15:43Z">
    <groups>
    </groups>
    <test name="Default test" duration-ms="6327" started-at="2019-02-13T11:15:36Z" finished-at="2019-02-13T11:15:43Z">
      <class name="Testcase.RegressionTest">
        <test-method status="PASS" signature="getExcel()[pri:0, instance:Testcase.RegressionTest@1bd4fdd]" name="getExcel" is-config="true" duration-ms="13" started-at="2019-02-13T11:15:36Z" finished-at="2019-02-13T11:15:36Z">
          <reporter-output>
          </reporter-output>
        </test-method> <!-- getExcel -->
        <test-method status="PASS" signature="hitClientResource()[pri:0, instance:Testcase.RegressionTest@1bd4fdd]" name="hitClientResource" is-config="true" duration-ms="436" started-at="2019-02-13T11:15:36Z" finished-at="2019-02-13T11:15:37Z">
          <reporter-output>
          </reporter-output>
        </test-method> <!-- hitClientResource -->
        <test-method status="PASS" signature="regression_Home_CLP_PLP_Search()[pri:0, instance:Testcase.RegressionTest@1bd4fdd]" name="regression_Home_CLP_PLP_Search" duration-ms="5855" started-at="2019-02-13T11:15:37Z" finished-at="2019-02-13T11:15:43Z">
          <reporter-output>
          </reporter-output>
        </test-method> <!-- regression_Home_CLP_PLP_Search -->
      </class> <!-- Testcase.RegressionTest -->
    </test> <!-- Default test -->
  </suite> <!-- Default suite -->
</testng-results>
